<?xml version="1.0" encoding="UTF-8"?>
<!-- Generated by org.testng.reporters.JUnitXMLReporter -->
<testsuite ignored="0" hostname="SCI-LT-098" failures="0" tests="10" name="TC01" time="51.457" errors="0" timestamp="2022-03-28T18:51:03 IST">
  <testcase classname="utils.DP" name="RegistrationData" time="1.032"/>
  <testcase classname="utils.DP" name="RegistrationData" time="0.8"/>
  <testcase classname="utils.DP" name="RegistrationData" time="0.78"/>
  <testcase classname="utils.DP" name="RegistrationData" time="0.682"/>
  <testcase classname="utils.DP" name="RegistrationData" time="0.738"/>
  <testcase classname="utils.DP" name="RegistrationData" time="0.658"/>
  <testcase classname="utils.DP" name="RegistrationData" time="0.638"/>
  <testcase classname="utils.DP" name="RegistrationData" time="0.624"/>
  <testcase classname="utils.DP" name="RegistrationData" time="0.521"/>
  <testcase classname="utils.DP" name="RegistrationData" time="0.703"/>
</testsuite> <!-- TC01 -->
